17:12:06 DEBUG : Logs will be stored at '/home/gio/uni/aca/fpga/aca_fpga_homework2.2/vitis_workspace/IDE.log'.
17:12:09 INFO  : Platform repository initialization has completed.
17:12:09 INFO  : Launching XSCT server: xsct -n  -interactive /home/gio/uni/aca/fpga/aca_fpga_homework2.2/vitis_workspace/temp_xsdb_launch_script.tcl
17:12:09 INFO  : Registering command handlers for Vitis TCF services
17:12:11 INFO  : XSCT server has started successfully.
17:12:12 INFO  : Successfully done setting XSCT server connection channel  
17:12:12 INFO  : plnx-install-location is set to ''
17:12:12 INFO  : Successfully done query RDI_DATADIR 
17:12:12 INFO  : Successfully done setting workspace for the tool. 
17:13:34 INFO  : Result from executing command 'getProjects': design_1_wrapper
17:13:34 INFO  : Result from executing command 'getPlatforms': 
17:13:34 WARN  : An unexpected exception occurred in the module 'platform project logging'
17:13:34 INFO  : Platform 'design_1_wrapper' is added to custom repositories.
17:13:38 INFO  : Platform 'design_1_wrapper' is added to custom repositories.
17:17:46 INFO  : Result from executing command 'getProjects': design_1_wrapper
17:17:46 INFO  : Result from executing command 'getPlatforms': design_1_wrapper|/home/gio/uni/aca/fpga/aca_fpga_homework2.2/vitis_workspace/design_1_wrapper/export/design_1_wrapper/design_1_wrapper.xpfm
17:17:49 INFO  : Checking for BSP changes to sync application flags for project 'memory_hierarchy'...
17:19:28 INFO  : Checking for BSP changes to sync application flags for project 'memory_hierarchy'...
17:20:55 INFO  : Connected to target on host '127.0.0.1' and port '3121'.
17:20:55 INFO  : Jtag cable 'Digilent Zybo Z7 210351BA1DB5A' is selected.
17:20:55 INFO  : 'jtag frequency' command is executed.
17:20:55 INFO  : Context for 'APU' is selected.
17:20:56 INFO  : System reset is completed.
17:20:59 INFO  : 'after 3000' command is executed.
17:20:59 INFO  : 'targets -set -filter {jtag_cable_name =~ "Digilent Zybo Z7 210351BA1DB5A" && level==0 && jtag_device_ctx=="jsn-Zybo Z7-210351BA1DB5A-23727093-0"}' command is executed.
17:21:01 INFO  : Device configured successfully with "/home/gio/uni/aca/fpga/aca_fpga_homework2.2/vitis_workspace/memory_hierarchy/_ide/bitstream/design_1_wrapper.bit"
17:21:01 INFO  : Context for 'APU' is selected.
17:21:01 INFO  : Hardware design and registers information is loaded from '/home/gio/uni/aca/fpga/aca_fpga_homework2.2/vitis_workspace/design_1_wrapper/export/design_1_wrapper/hw/design_1_wrapper.xsa'.
17:21:01 INFO  : 'configparams force-mem-access 1' command is executed.
17:21:01 INFO  : Context for 'APU' is selected.
17:21:01 INFO  : Sourcing of '/home/gio/uni/aca/fpga/aca_fpga_homework2.2/vitis_workspace/memory_hierarchy/_ide/psinit/ps7_init.tcl' is done.
17:21:01 INFO  : 'ps7_init' command is executed.
17:21:01 INFO  : 'ps7_post_config' command is executed.
17:21:01 INFO  : 'configparams mdm-detect-bscan-mask 2' command is executed.
17:21:01 INFO  : Context for processor 'microblaze_0' is selected.
17:21:02 INFO  : The application '/home/gio/uni/aca/fpga/aca_fpga_homework2.2/vitis_workspace/memory_hierarchy/Debug/memory_hierarchy.elf' is downloaded to processor 'microblaze_0'.
17:21:02 INFO  : 'configparams force-mem-access 0' command is executed.
17:21:02 INFO  : ----------------XSDB Script----------------
connect -url tcp:127.0.0.1:3121
targets -set -nocase -filter {name =~"APU*"}
rst -system
after 3000
targets -set -filter {jtag_cable_name =~ "Digilent Zybo Z7 210351BA1DB5A" && level==0 && jtag_device_ctx=="jsn-Zybo Z7-210351BA1DB5A-23727093-0"}
fpga -file /home/gio/uni/aca/fpga/aca_fpga_homework2.2/vitis_workspace/memory_hierarchy/_ide/bitstream/design_1_wrapper.bit
targets -set -nocase -filter {name =~"APU*"}
loadhw -hw /home/gio/uni/aca/fpga/aca_fpga_homework2.2/vitis_workspace/design_1_wrapper/export/design_1_wrapper/hw/design_1_wrapper.xsa -mem-ranges [list {0x40000000 0xbfffffff}] -regs
configparams force-mem-access 1
targets -set -nocase -filter {name =~"APU*"}
source /home/gio/uni/aca/fpga/aca_fpga_homework2.2/vitis_workspace/memory_hierarchy/_ide/psinit/ps7_init.tcl
ps7_init
ps7_post_config
configparams mdm-detect-bscan-mask 2
targets -set -nocase -filter {name =~ "*microblaze*#0" && bscan=="USER2" }
dow /home/gio/uni/aca/fpga/aca_fpga_homework2.2/vitis_workspace/memory_hierarchy/Debug/memory_hierarchy.elf
configparams force-mem-access 0
----------------End of Script----------------

17:21:02 INFO  : Context for processor 'microblaze_0' is selected.
17:21:02 INFO  : 'con' command is executed.
17:21:02 INFO  : ----------------XSDB Script (After Launch)----------------
targets -set -nocase -filter {name =~ "*microblaze*#0" && bscan=="USER2" }
con
----------------End of Script----------------

17:21:02 INFO  : Launch script is exported to file '/home/gio/uni/aca/fpga/aca_fpga_homework2.2/vitis_workspace/memory_hierarchy_system/_ide/scripts/debugger_memory_hierarchy-default.tcl'
17:21:15 INFO  : Disconnected from the channel tcfchan#2.
17:21:16 INFO  : Connected to target on host '127.0.0.1' and port '3121'.
17:21:16 INFO  : Jtag cable 'Digilent Zybo Z7 210351BA1DB5A' is selected.
17:21:16 INFO  : 'jtag frequency' command is executed.
17:21:16 INFO  : Context for 'APU' is selected.
17:21:16 INFO  : System reset is completed.
17:21:19 INFO  : 'after 3000' command is executed.
17:21:19 INFO  : 'targets -set -filter {jtag_cable_name =~ "Digilent Zybo Z7 210351BA1DB5A" && level==0 && jtag_device_ctx=="jsn-Zybo Z7-210351BA1DB5A-23727093-0"}' command is executed.
17:21:22 INFO  : Device configured successfully with "/home/gio/uni/aca/fpga/aca_fpga_homework2.2/vitis_workspace/memory_hierarchy/_ide/bitstream/design_1_wrapper.bit"
17:21:22 INFO  : Context for 'APU' is selected.
17:21:22 INFO  : Hardware design and registers information is loaded from '/home/gio/uni/aca/fpga/aca_fpga_homework2.2/vitis_workspace/design_1_wrapper/export/design_1_wrapper/hw/design_1_wrapper.xsa'.
17:21:22 INFO  : 'configparams force-mem-access 1' command is executed.
17:21:22 INFO  : Context for 'APU' is selected.
17:21:22 INFO  : Sourcing of '/home/gio/uni/aca/fpga/aca_fpga_homework2.2/vitis_workspace/memory_hierarchy/_ide/psinit/ps7_init.tcl' is done.
17:21:22 INFO  : 'ps7_init' command is executed.
17:21:22 INFO  : 'ps7_post_config' command is executed.
17:21:22 INFO  : 'configparams mdm-detect-bscan-mask 2' command is executed.
17:21:22 INFO  : Context for processor 'microblaze_0' is selected.
17:21:22 INFO  : The application '/home/gio/uni/aca/fpga/aca_fpga_homework2.2/vitis_workspace/memory_hierarchy/Debug/memory_hierarchy.elf' is downloaded to processor 'microblaze_0'.
17:21:22 INFO  : 'configparams force-mem-access 0' command is executed.
17:21:22 INFO  : ----------------XSDB Script----------------
connect -url tcp:127.0.0.1:3121
targets -set -nocase -filter {name =~"APU*"}
rst -system
after 3000
targets -set -filter {jtag_cable_name =~ "Digilent Zybo Z7 210351BA1DB5A" && level==0 && jtag_device_ctx=="jsn-Zybo Z7-210351BA1DB5A-23727093-0"}
fpga -file /home/gio/uni/aca/fpga/aca_fpga_homework2.2/vitis_workspace/memory_hierarchy/_ide/bitstream/design_1_wrapper.bit
targets -set -nocase -filter {name =~"APU*"}
loadhw -hw /home/gio/uni/aca/fpga/aca_fpga_homework2.2/vitis_workspace/design_1_wrapper/export/design_1_wrapper/hw/design_1_wrapper.xsa -mem-ranges [list {0x40000000 0xbfffffff}] -regs
configparams force-mem-access 1
targets -set -nocase -filter {name =~"APU*"}
source /home/gio/uni/aca/fpga/aca_fpga_homework2.2/vitis_workspace/memory_hierarchy/_ide/psinit/ps7_init.tcl
ps7_init
ps7_post_config
configparams mdm-detect-bscan-mask 2
targets -set -nocase -filter {name =~ "*microblaze*#0" && bscan=="USER2" }
dow /home/gio/uni/aca/fpga/aca_fpga_homework2.2/vitis_workspace/memory_hierarchy/Debug/memory_hierarchy.elf
configparams force-mem-access 0
----------------End of Script----------------

17:21:22 INFO  : Context for processor 'microblaze_0' is selected.
17:21:22 INFO  : 'con' command is executed.
17:21:22 INFO  : ----------------XSDB Script (After Launch)----------------
targets -set -nocase -filter {name =~ "*microblaze*#0" && bscan=="USER2" }
con
----------------End of Script----------------

17:21:22 INFO  : Launch script is exported to file '/home/gio/uni/aca/fpga/aca_fpga_homework2.2/vitis_workspace/memory_hierarchy_system/_ide/scripts/debugger_memory_hierarchy-default.tcl'
17:23:42 INFO  : Checking for BSP changes to sync application flags for project 'memory_hierarchy'...
17:23:45 INFO  : Build configuration of 'memory_hierarchy_system' is updated to 'Release'
17:23:45 INFO  : Build configuration of system project is automatically updated to 'Release'.
17:23:45 INFO  : Checking for BSP changes to sync application flags for project 'memory_hierarchy'...
17:23:54 INFO  : Build configuration of 'memory_hierarchy_system' is updated to 'Debug'
17:23:54 INFO  : Build configuration of system project is automatically updated to 'Debug'.
17:24:05 INFO  : Disconnected from the channel tcfchan#3.
17:24:06 INFO  : Connected to target on host '127.0.0.1' and port '3121'.
17:24:06 INFO  : Jtag cable 'Digilent Zybo Z7 210351BA1DB5A' is selected.
17:24:06 INFO  : 'jtag frequency' command is executed.
17:24:06 INFO  : Context for 'APU' is selected.
17:24:06 INFO  : System reset is completed.
17:24:09 INFO  : 'after 3000' command is executed.
17:24:09 INFO  : 'targets -set -filter {jtag_cable_name =~ "Digilent Zybo Z7 210351BA1DB5A" && level==0 && jtag_device_ctx=="jsn-Zybo Z7-210351BA1DB5A-23727093-0"}' command is executed.
17:24:12 INFO  : Device configured successfully with "/home/gio/uni/aca/fpga/aca_fpga_homework2.2/vitis_workspace/memory_hierarchy/_ide/bitstream/design_1_wrapper.bit"
17:24:12 INFO  : Context for 'APU' is selected.
17:24:12 INFO  : Hardware design and registers information is loaded from '/home/gio/uni/aca/fpga/aca_fpga_homework2.2/vitis_workspace/design_1_wrapper/export/design_1_wrapper/hw/design_1_wrapper.xsa'.
17:24:12 INFO  : 'configparams force-mem-access 1' command is executed.
17:24:12 INFO  : Context for 'APU' is selected.
17:24:12 INFO  : Sourcing of '/home/gio/uni/aca/fpga/aca_fpga_homework2.2/vitis_workspace/memory_hierarchy/_ide/psinit/ps7_init.tcl' is done.
17:24:12 INFO  : 'ps7_init' command is executed.
17:24:12 INFO  : 'ps7_post_config' command is executed.
17:24:12 INFO  : 'configparams mdm-detect-bscan-mask 2' command is executed.
17:24:12 INFO  : Context for processor 'microblaze_0' is selected.
17:24:12 INFO  : The application '/home/gio/uni/aca/fpga/aca_fpga_homework2.2/vitis_workspace/memory_hierarchy/Debug/memory_hierarchy.elf' is downloaded to processor 'microblaze_0'.
17:24:12 INFO  : 'configparams force-mem-access 0' command is executed.
17:24:12 INFO  : ----------------XSDB Script----------------
connect -url tcp:127.0.0.1:3121
targets -set -nocase -filter {name =~"APU*"}
rst -system
after 3000
targets -set -filter {jtag_cable_name =~ "Digilent Zybo Z7 210351BA1DB5A" && level==0 && jtag_device_ctx=="jsn-Zybo Z7-210351BA1DB5A-23727093-0"}
fpga -file /home/gio/uni/aca/fpga/aca_fpga_homework2.2/vitis_workspace/memory_hierarchy/_ide/bitstream/design_1_wrapper.bit
targets -set -nocase -filter {name =~"APU*"}
loadhw -hw /home/gio/uni/aca/fpga/aca_fpga_homework2.2/vitis_workspace/design_1_wrapper/export/design_1_wrapper/hw/design_1_wrapper.xsa -mem-ranges [list {0x40000000 0xbfffffff}] -regs
configparams force-mem-access 1
targets -set -nocase -filter {name =~"APU*"}
source /home/gio/uni/aca/fpga/aca_fpga_homework2.2/vitis_workspace/memory_hierarchy/_ide/psinit/ps7_init.tcl
ps7_init
ps7_post_config
configparams mdm-detect-bscan-mask 2
targets -set -nocase -filter {name =~ "*microblaze*#0" && bscan=="USER2" }
dow /home/gio/uni/aca/fpga/aca_fpga_homework2.2/vitis_workspace/memory_hierarchy/Debug/memory_hierarchy.elf
configparams force-mem-access 0
----------------End of Script----------------

17:24:12 INFO  : Context for processor 'microblaze_0' is selected.
17:24:12 INFO  : 'con' command is executed.
17:24:12 INFO  : ----------------XSDB Script (After Launch)----------------
targets -set -nocase -filter {name =~ "*microblaze*#0" && bscan=="USER2" }
con
----------------End of Script----------------

17:24:12 INFO  : Launch script is exported to file '/home/gio/uni/aca/fpga/aca_fpga_homework2.2/vitis_workspace/memory_hierarchy_system/_ide/scripts/debugger_memory_hierarchy-default_1.tcl'
17:24:31 INFO  : Build configuration of 'memory_hierarchy_system' is updated to 'Release'
17:24:31 INFO  : Build configuration of system project is automatically updated to 'Release'.
17:24:32 INFO  : Disconnected from the channel tcfchan#4.
17:24:33 INFO  : Connected to target on host '127.0.0.1' and port '3121'.
17:24:33 INFO  : Jtag cable 'Digilent Zybo Z7 210351BA1DB5A' is selected.
17:24:33 INFO  : 'jtag frequency' command is executed.
17:24:34 INFO  : Context for 'APU' is selected.
17:24:34 INFO  : System reset is completed.
17:24:37 INFO  : 'after 3000' command is executed.
17:24:37 INFO  : 'targets -set -filter {jtag_cable_name =~ "Digilent Zybo Z7 210351BA1DB5A" && level==0 && jtag_device_ctx=="jsn-Zybo Z7-210351BA1DB5A-23727093-0"}' command is executed.
17:24:40 INFO  : Device configured successfully with "/home/gio/uni/aca/fpga/aca_fpga_homework2.2/vitis_workspace/memory_hierarchy/_ide/bitstream/design_1_wrapper.bit"
17:24:40 INFO  : Context for 'APU' is selected.
17:24:40 INFO  : Hardware design and registers information is loaded from '/home/gio/uni/aca/fpga/aca_fpga_homework2.2/vitis_workspace/design_1_wrapper/export/design_1_wrapper/hw/design_1_wrapper.xsa'.
17:24:40 INFO  : 'configparams force-mem-access 1' command is executed.
17:24:40 INFO  : Context for 'APU' is selected.
17:24:40 INFO  : Sourcing of '/home/gio/uni/aca/fpga/aca_fpga_homework2.2/vitis_workspace/memory_hierarchy/_ide/psinit/ps7_init.tcl' is done.
17:24:40 INFO  : 'ps7_init' command is executed.
17:24:40 INFO  : 'ps7_post_config' command is executed.
17:24:40 INFO  : 'configparams mdm-detect-bscan-mask 2' command is executed.
17:24:40 INFO  : Context for processor 'microblaze_0' is selected.
17:24:40 INFO  : The application '/home/gio/uni/aca/fpga/aca_fpga_homework2.2/vitis_workspace/memory_hierarchy/Debug/memory_hierarchy.elf' is downloaded to processor 'microblaze_0'.
17:24:40 INFO  : 'configparams force-mem-access 0' command is executed.
17:24:40 INFO  : ----------------XSDB Script----------------
connect -url tcp:127.0.0.1:3121
targets -set -nocase -filter {name =~"APU*"}
rst -system
after 3000
targets -set -filter {jtag_cable_name =~ "Digilent Zybo Z7 210351BA1DB5A" && level==0 && jtag_device_ctx=="jsn-Zybo Z7-210351BA1DB5A-23727093-0"}
fpga -file /home/gio/uni/aca/fpga/aca_fpga_homework2.2/vitis_workspace/memory_hierarchy/_ide/bitstream/design_1_wrapper.bit
targets -set -nocase -filter {name =~"APU*"}
loadhw -hw /home/gio/uni/aca/fpga/aca_fpga_homework2.2/vitis_workspace/design_1_wrapper/export/design_1_wrapper/hw/design_1_wrapper.xsa -mem-ranges [list {0x40000000 0xbfffffff}] -regs
configparams force-mem-access 1
targets -set -nocase -filter {name =~"APU*"}
source /home/gio/uni/aca/fpga/aca_fpga_homework2.2/vitis_workspace/memory_hierarchy/_ide/psinit/ps7_init.tcl
ps7_init
ps7_post_config
configparams mdm-detect-bscan-mask 2
targets -set -nocase -filter {name =~ "*microblaze*#0" && bscan=="USER2" }
dow /home/gio/uni/aca/fpga/aca_fpga_homework2.2/vitis_workspace/memory_hierarchy/Debug/memory_hierarchy.elf
configparams force-mem-access 0
----------------End of Script----------------

17:24:40 INFO  : Context for processor 'microblaze_0' is selected.
17:24:40 INFO  : 'con' command is executed.
17:24:40 INFO  : ----------------XSDB Script (After Launch)----------------
targets -set -nocase -filter {name =~ "*microblaze*#0" && bscan=="USER2" }
con
----------------End of Script----------------

17:24:40 INFO  : Launch script is exported to file '/home/gio/uni/aca/fpga/aca_fpga_homework2.2/vitis_workspace/memory_hierarchy_system/_ide/scripts/debugger_memory_hierarchy-default_2.tcl'
17:25:07 INFO  : Disconnected from the channel tcfchan#5.
17:32:09 DEBUG : Logs will be stored at '/home/gio/uni/aca/fpga/aca_fpga_homework2.2/vitis_workspace/IDE.log'.
17:32:09 INFO  : Launching XSCT server: xsct -n  -interactive /home/gio/uni/aca/fpga/aca_fpga_homework2.2/vitis_workspace/temp_xsdb_launch_script.tcl
17:32:11 INFO  : Platform repository initialization has completed.
17:32:11 INFO  : XSCT server has started successfully.
17:32:11 INFO  : plnx-install-location is set to ''
17:32:11 INFO  : Successfully done setting XSCT server connection channel  
17:32:11 INFO  : Successfully done setting workspace for the tool. 
17:32:11 INFO  : Successfully done query RDI_DATADIR 
17:32:11 INFO  : Registering command handlers for Vitis TCF services
17:33:03 INFO  : Build configuration of 'memory_hierarchy_system' is updated to 'Debug'
17:33:03 INFO  : Build configuration of system project is automatically updated to 'Debug'.
17:33:03 INFO  : Checking for BSP changes to sync application flags for project 'memory_hierarchy'...
17:33:05 INFO  : Build configuration of 'memory_hierarchy_system' is updated to 'Release'
17:33:05 INFO  : Build configuration of system project is automatically updated to 'Release'.
17:33:05 INFO  : Checking for BSP changes to sync application flags for project 'memory_hierarchy'...
17:33:15 INFO  : Build configuration of 'memory_hierarchy_system' is updated to 'Debug'
17:33:15 INFO  : Build configuration of system project is automatically updated to 'Debug'.
17:33:15 INFO  : Connected to target on host '127.0.0.1' and port '3121'.
17:33:15 INFO  : Jtag cable 'Digilent Zybo Z7 210351BA1DB5A' is selected.
17:33:15 INFO  : 'jtag frequency' command is executed.
17:33:15 INFO  : Context for 'APU' is selected.
17:33:15 INFO  : System reset is completed.
17:33:18 INFO  : 'after 3000' command is executed.
17:33:18 INFO  : 'targets -set -filter {jtag_cable_name =~ "Digilent Zybo Z7 210351BA1DB5A" && level==0 && jtag_device_ctx=="jsn-Zybo Z7-210351BA1DB5A-23727093-0"}' command is executed.
17:33:21 INFO  : Device configured successfully with "/home/gio/uni/aca/fpga/aca_fpga_homework2.2/vitis_workspace/memory_hierarchy/_ide/bitstream/design_1_wrapper.bit"
17:33:21 INFO  : Context for 'APU' is selected.
17:33:21 INFO  : Hardware design and registers information is loaded from '/home/gio/uni/aca/fpga/aca_fpga_homework2.2/vitis_workspace/design_1_wrapper/export/design_1_wrapper/hw/design_1_wrapper.xsa'.
17:33:21 INFO  : 'configparams force-mem-access 1' command is executed.
17:33:21 INFO  : Context for 'APU' is selected.
17:33:21 INFO  : Sourcing of '/home/gio/uni/aca/fpga/aca_fpga_homework2.2/vitis_workspace/memory_hierarchy/_ide/psinit/ps7_init.tcl' is done.
17:33:21 INFO  : 'ps7_init' command is executed.
17:33:21 INFO  : 'ps7_post_config' command is executed.
17:33:21 INFO  : 'configparams mdm-detect-bscan-mask 2' command is executed.
17:33:21 INFO  : Context for processor 'microblaze_0' is selected.
17:33:21 INFO  : The application '/home/gio/uni/aca/fpga/aca_fpga_homework2.2/vitis_workspace/memory_hierarchy/Debug/memory_hierarchy.elf' is downloaded to processor 'microblaze_0'.
17:33:21 INFO  : 'configparams force-mem-access 0' command is executed.
17:33:21 INFO  : ----------------XSDB Script----------------
connect -url tcp:127.0.0.1:3121
targets -set -nocase -filter {name =~"APU*"}
rst -system
after 3000
targets -set -filter {jtag_cable_name =~ "Digilent Zybo Z7 210351BA1DB5A" && level==0 && jtag_device_ctx=="jsn-Zybo Z7-210351BA1DB5A-23727093-0"}
fpga -file /home/gio/uni/aca/fpga/aca_fpga_homework2.2/vitis_workspace/memory_hierarchy/_ide/bitstream/design_1_wrapper.bit
targets -set -nocase -filter {name =~"APU*"}
loadhw -hw /home/gio/uni/aca/fpga/aca_fpga_homework2.2/vitis_workspace/design_1_wrapper/export/design_1_wrapper/hw/design_1_wrapper.xsa -mem-ranges [list {0x40000000 0xbfffffff}] -regs
configparams force-mem-access 1
targets -set -nocase -filter {name =~"APU*"}
source /home/gio/uni/aca/fpga/aca_fpga_homework2.2/vitis_workspace/memory_hierarchy/_ide/psinit/ps7_init.tcl
ps7_init
ps7_post_config
configparams mdm-detect-bscan-mask 2
targets -set -nocase -filter {name =~ "*microblaze*#0" && bscan=="USER2" }
dow /home/gio/uni/aca/fpga/aca_fpga_homework2.2/vitis_workspace/memory_hierarchy/Debug/memory_hierarchy.elf
configparams force-mem-access 0
----------------End of Script----------------

17:33:21 INFO  : Context for processor 'microblaze_0' is selected.
17:33:21 INFO  : 'con' command is executed.
17:33:21 INFO  : ----------------XSDB Script (After Launch)----------------
targets -set -nocase -filter {name =~ "*microblaze*#0" && bscan=="USER2" }
con
----------------End of Script----------------

17:33:21 INFO  : Launch script is exported to file '/home/gio/uni/aca/fpga/aca_fpga_homework2.2/vitis_workspace/memory_hierarchy_system/_ide/scripts/debugger_memory_hierarchy-default.tcl'
17:33:30 INFO  : Build configuration of 'memory_hierarchy_system' is updated to 'Release'
17:33:30 INFO  : Build configuration of system project is automatically updated to 'Release'.
17:33:32 INFO  : Disconnected from the channel tcfchan#1.
17:33:33 INFO  : Connected to target on host '127.0.0.1' and port '3121'.
17:33:33 INFO  : Jtag cable 'Digilent Zybo Z7 210351BA1DB5A' is selected.
17:33:33 INFO  : 'jtag frequency' command is executed.
17:33:33 INFO  : Context for 'APU' is selected.
17:33:33 INFO  : System reset is completed.
17:33:36 INFO  : 'after 3000' command is executed.
17:33:36 INFO  : 'targets -set -filter {jtag_cable_name =~ "Digilent Zybo Z7 210351BA1DB5A" && level==0 && jtag_device_ctx=="jsn-Zybo Z7-210351BA1DB5A-23727093-0"}' command is executed.
17:33:39 INFO  : Device configured successfully with "/home/gio/uni/aca/fpga/aca_fpga_homework2.2/vitis_workspace/memory_hierarchy/_ide/bitstream/design_1_wrapper.bit"
17:33:39 INFO  : Context for 'APU' is selected.
17:33:40 INFO  : Hardware design and registers information is loaded from '/home/gio/uni/aca/fpga/aca_fpga_homework2.2/vitis_workspace/design_1_wrapper/export/design_1_wrapper/hw/design_1_wrapper.xsa'.
17:33:40 INFO  : 'configparams force-mem-access 1' command is executed.
17:33:40 INFO  : Context for 'APU' is selected.
17:33:40 INFO  : Sourcing of '/home/gio/uni/aca/fpga/aca_fpga_homework2.2/vitis_workspace/memory_hierarchy/_ide/psinit/ps7_init.tcl' is done.
17:33:40 INFO  : 'ps7_init' command is executed.
17:33:40 INFO  : 'ps7_post_config' command is executed.
17:33:40 INFO  : 'configparams mdm-detect-bscan-mask 2' command is executed.
17:33:40 INFO  : Context for processor 'microblaze_0' is selected.
17:33:40 INFO  : The application '/home/gio/uni/aca/fpga/aca_fpga_homework2.2/vitis_workspace/memory_hierarchy/Debug/memory_hierarchy.elf' is downloaded to processor 'microblaze_0'.
17:33:40 INFO  : 'configparams force-mem-access 0' command is executed.
17:33:40 INFO  : ----------------XSDB Script----------------
connect -url tcp:127.0.0.1:3121
targets -set -nocase -filter {name =~"APU*"}
rst -system
after 3000
targets -set -filter {jtag_cable_name =~ "Digilent Zybo Z7 210351BA1DB5A" && level==0 && jtag_device_ctx=="jsn-Zybo Z7-210351BA1DB5A-23727093-0"}
fpga -file /home/gio/uni/aca/fpga/aca_fpga_homework2.2/vitis_workspace/memory_hierarchy/_ide/bitstream/design_1_wrapper.bit
targets -set -nocase -filter {name =~"APU*"}
loadhw -hw /home/gio/uni/aca/fpga/aca_fpga_homework2.2/vitis_workspace/design_1_wrapper/export/design_1_wrapper/hw/design_1_wrapper.xsa -mem-ranges [list {0x40000000 0xbfffffff}] -regs
configparams force-mem-access 1
targets -set -nocase -filter {name =~"APU*"}
source /home/gio/uni/aca/fpga/aca_fpga_homework2.2/vitis_workspace/memory_hierarchy/_ide/psinit/ps7_init.tcl
ps7_init
ps7_post_config
configparams mdm-detect-bscan-mask 2
targets -set -nocase -filter {name =~ "*microblaze*#0" && bscan=="USER2" }
dow /home/gio/uni/aca/fpga/aca_fpga_homework2.2/vitis_workspace/memory_hierarchy/Debug/memory_hierarchy.elf
configparams force-mem-access 0
----------------End of Script----------------

17:33:40 INFO  : Context for processor 'microblaze_0' is selected.
17:33:40 INFO  : 'con' command is executed.
17:33:40 INFO  : ----------------XSDB Script (After Launch)----------------
targets -set -nocase -filter {name =~ "*microblaze*#0" && bscan=="USER2" }
con
----------------End of Script----------------

17:33:40 INFO  : Launch script is exported to file '/home/gio/uni/aca/fpga/aca_fpga_homework2.2/vitis_workspace/memory_hierarchy_system/_ide/scripts/debugger_memory_hierarchy-default_3.tcl'
17:34:48 INFO  : Checking for BSP changes to sync application flags for project 'memory_hierarchy'...
17:34:53 INFO  : Disconnected from the channel tcfchan#2.
17:34:54 INFO  : Connected to target on host '127.0.0.1' and port '3121'.
17:34:54 INFO  : Jtag cable 'Digilent Zybo Z7 210351BA1DB5A' is selected.
17:34:54 ERROR : port closed
17:34:54 INFO  : ----------------XSDB Script----------------
connect -url tcp:127.0.0.1:3121
----------------End of Script----------------

17:34:54 ERROR : port closed
17:35:05 INFO  : Connected to target on host '127.0.0.1' and port '3121'.
17:35:05 INFO  : Jtag cable 'Digilent Zybo Z7 210351BA1DB5A' is selected.
17:35:05 INFO  : 'jtag frequency' command is executed.
17:35:05 INFO  : Context for 'APU' is selected.
17:35:05 INFO  : System reset is completed.
17:35:08 INFO  : 'after 3000' command is executed.
17:35:08 INFO  : 'targets -set -filter {jtag_cable_name =~ "Digilent Zybo Z7 210351BA1DB5A" && level==0 && jtag_device_ctx=="jsn-Zybo Z7-210351BA1DB5A-23727093-0"}' command is executed.
17:35:10 INFO  : Device configured successfully with "/home/gio/uni/aca/fpga/aca_fpga_homework2.2/vitis_workspace/memory_hierarchy/_ide/bitstream/design_1_wrapper.bit"
17:35:10 INFO  : Context for 'APU' is selected.
17:35:11 INFO  : Hardware design and registers information is loaded from '/home/gio/uni/aca/fpga/aca_fpga_homework2.2/vitis_workspace/design_1_wrapper/export/design_1_wrapper/hw/design_1_wrapper.xsa'.
17:35:11 INFO  : 'configparams force-mem-access 1' command is executed.
17:35:11 INFO  : Context for 'APU' is selected.
17:35:11 INFO  : Sourcing of '/home/gio/uni/aca/fpga/aca_fpga_homework2.2/vitis_workspace/memory_hierarchy/_ide/psinit/ps7_init.tcl' is done.
17:35:11 INFO  : 'ps7_init' command is executed.
17:35:11 INFO  : 'ps7_post_config' command is executed.
17:35:11 INFO  : 'configparams mdm-detect-bscan-mask 2' command is executed.
17:35:11 INFO  : Context for processor 'microblaze_0' is selected.
17:35:12 INFO  : The application '/home/gio/uni/aca/fpga/aca_fpga_homework2.2/vitis_workspace/memory_hierarchy/Release/memory_hierarchy.elf' is downloaded to processor 'microblaze_0'.
17:35:12 INFO  : 'configparams force-mem-access 0' command is executed.
17:35:12 INFO  : ----------------XSDB Script----------------
connect -url tcp:127.0.0.1:3121
targets -set -nocase -filter {name =~"APU*"}
rst -system
after 3000
targets -set -filter {jtag_cable_name =~ "Digilent Zybo Z7 210351BA1DB5A" && level==0 && jtag_device_ctx=="jsn-Zybo Z7-210351BA1DB5A-23727093-0"}
fpga -file /home/gio/uni/aca/fpga/aca_fpga_homework2.2/vitis_workspace/memory_hierarchy/_ide/bitstream/design_1_wrapper.bit
targets -set -nocase -filter {name =~"APU*"}
loadhw -hw /home/gio/uni/aca/fpga/aca_fpga_homework2.2/vitis_workspace/design_1_wrapper/export/design_1_wrapper/hw/design_1_wrapper.xsa -mem-ranges [list {0x40000000 0xbfffffff}] -regs
configparams force-mem-access 1
targets -set -nocase -filter {name =~"APU*"}
source /home/gio/uni/aca/fpga/aca_fpga_homework2.2/vitis_workspace/memory_hierarchy/_ide/psinit/ps7_init.tcl
ps7_init
ps7_post_config
configparams mdm-detect-bscan-mask 2
targets -set -nocase -filter {name =~ "*microblaze*#0" && bscan=="USER2" }
dow /home/gio/uni/aca/fpga/aca_fpga_homework2.2/vitis_workspace/memory_hierarchy/Release/memory_hierarchy.elf
configparams force-mem-access 0
----------------End of Script----------------

17:35:12 INFO  : Context for processor 'microblaze_0' is selected.
17:35:12 INFO  : 'con' command is executed.
17:35:12 INFO  : ----------------XSDB Script (After Launch)----------------
targets -set -nocase -filter {name =~ "*microblaze*#0" && bscan=="USER2" }
con
----------------End of Script----------------

17:35:12 INFO  : Launch script is exported to file '/home/gio/uni/aca/fpga/aca_fpga_homework2.2/vitis_workspace/memory_hierarchy_system/_ide/scripts/debugger_memory_hierarchy-default_5.tcl'
17:35:17 INFO  : Build configuration of 'memory_hierarchy_system' is updated to 'Debug'
17:35:17 INFO  : Build configuration of system project is automatically updated to 'Debug'.
17:35:17 INFO  : Checking for BSP changes to sync application flags for project 'memory_hierarchy'...
17:35:23 INFO  : Disconnected from the channel tcfchan#3.
17:35:24 INFO  : Connected to target on host '127.0.0.1' and port '3121'.
17:35:24 INFO  : Jtag cable 'Digilent Zybo Z7 210351BA1DB5A' is selected.
17:35:24 INFO  : 'jtag frequency' command is executed.
17:35:24 INFO  : Context for 'APU' is selected.
17:35:24 INFO  : System reset is completed.
17:35:27 INFO  : 'after 3000' command is executed.
17:35:27 INFO  : 'targets -set -filter {jtag_cable_name =~ "Digilent Zybo Z7 210351BA1DB5A" && level==0 && jtag_device_ctx=="jsn-Zybo Z7-210351BA1DB5A-23727093-0"}' command is executed.
17:35:30 INFO  : Device configured successfully with "/home/gio/uni/aca/fpga/aca_fpga_homework2.2/vitis_workspace/memory_hierarchy/_ide/bitstream/design_1_wrapper.bit"
17:35:30 INFO  : Context for 'APU' is selected.
17:35:31 INFO  : Hardware design and registers information is loaded from '/home/gio/uni/aca/fpga/aca_fpga_homework2.2/vitis_workspace/design_1_wrapper/export/design_1_wrapper/hw/design_1_wrapper.xsa'.
17:35:31 INFO  : 'configparams force-mem-access 1' command is executed.
17:35:31 INFO  : Context for 'APU' is selected.
17:35:31 INFO  : Sourcing of '/home/gio/uni/aca/fpga/aca_fpga_homework2.2/vitis_workspace/memory_hierarchy/_ide/psinit/ps7_init.tcl' is done.
17:35:31 INFO  : 'ps7_init' command is executed.
17:35:31 INFO  : 'ps7_post_config' command is executed.
17:35:31 INFO  : 'configparams mdm-detect-bscan-mask 2' command is executed.
17:35:31 INFO  : Context for processor 'microblaze_0' is selected.
17:35:31 INFO  : The application '/home/gio/uni/aca/fpga/aca_fpga_homework2.2/vitis_workspace/memory_hierarchy/Debug/memory_hierarchy.elf' is downloaded to processor 'microblaze_0'.
17:35:31 INFO  : 'configparams force-mem-access 0' command is executed.
17:35:31 INFO  : ----------------XSDB Script----------------
connect -url tcp:127.0.0.1:3121
targets -set -nocase -filter {name =~"APU*"}
rst -system
after 3000
targets -set -filter {jtag_cable_name =~ "Digilent Zybo Z7 210351BA1DB5A" && level==0 && jtag_device_ctx=="jsn-Zybo Z7-210351BA1DB5A-23727093-0"}
fpga -file /home/gio/uni/aca/fpga/aca_fpga_homework2.2/vitis_workspace/memory_hierarchy/_ide/bitstream/design_1_wrapper.bit
targets -set -nocase -filter {name =~"APU*"}
loadhw -hw /home/gio/uni/aca/fpga/aca_fpga_homework2.2/vitis_workspace/design_1_wrapper/export/design_1_wrapper/hw/design_1_wrapper.xsa -mem-ranges [list {0x40000000 0xbfffffff}] -regs
configparams force-mem-access 1
targets -set -nocase -filter {name =~"APU*"}
source /home/gio/uni/aca/fpga/aca_fpga_homework2.2/vitis_workspace/memory_hierarchy/_ide/psinit/ps7_init.tcl
ps7_init
ps7_post_config
configparams mdm-detect-bscan-mask 2
targets -set -nocase -filter {name =~ "*microblaze*#0" && bscan=="USER2" }
dow /home/gio/uni/aca/fpga/aca_fpga_homework2.2/vitis_workspace/memory_hierarchy/Debug/memory_hierarchy.elf
configparams force-mem-access 0
----------------End of Script----------------

17:35:31 INFO  : Context for processor 'microblaze_0' is selected.
17:35:31 INFO  : 'con' command is executed.
17:35:31 INFO  : ----------------XSDB Script (After Launch)----------------
targets -set -nocase -filter {name =~ "*microblaze*#0" && bscan=="USER2" }
con
----------------End of Script----------------

17:35:31 INFO  : Launch script is exported to file '/home/gio/uni/aca/fpga/aca_fpga_homework2.2/vitis_workspace/memory_hierarchy_system/_ide/scripts/debugger_memory_hierarchy-default_6.tcl'
17:48:11 INFO  : Disconnected from the channel tcfchan#4.
